2026-05-26 21:49:04: ▲ Next.js 16.2.6
2026-05-26 21:49:04: - Local:         http://localhost:3000
2026-05-26 21:49:04: - Network:       http://178.105.80.193:3000
2026-05-26 21:49:04: ✓ Ready in 358ms
2026-05-26 21:49:07: [paises-init] 137 countries loaded from Supabase
2026-05-26 21:52:54: ▲ Next.js 16.2.6
2026-05-26 21:52:54: - Local:         http://localhost:3000
2026-05-26 21:52:54: - Network:       http://178.105.80.193:3000
2026-05-26 21:52:54: ✓ Ready in 435ms
2026-05-26 21:53:04: [paises-init] 137 countries loaded from Supabase
2026-05-26 21:53:11: [IndexNow] 488 URLs enviadas → HTTP 200
2026-05-26 21:56:11: ▲ Next.js 16.2.6
2026-05-26 21:56:11: - Local:         http://localhost:3000
2026-05-26 21:56:11: - Network:       http://178.105.80.193:3000
2026-05-26 21:56:11: ✓ Ready in 483ms
2026-05-26 21:56:28: [IndexNow] 488 URLs enviadas → HTTP 200
2026-05-26 21:56:46: [paises-init] 137 countries loaded from Supabase
2026-05-26 21:59:53: ▲ Next.js 16.2.6
2026-05-26 21:59:53: - Local:         http://localhost:3000
2026-05-26 21:59:53: - Network:       http://178.105.80.193:3000
2026-05-26 21:59:53: ✓ Ready in 282ms
2026-05-26 22:00:10: [IndexNow] 488 URLs enviadas → HTTP 200
2026-05-26 22:00:24: [paises-init] 137 countries loaded from Supabase
2026-05-27 00:21:46: ▲ Next.js 16.2.6
2026-05-27 00:21:46: - Local:         http://localhost:3000
2026-05-27 00:21:46: - Network:       http://178.105.80.193:3000
2026-05-27 00:21:46: ✓ Ready in 369ms
2026-05-27 00:21:57: [paises-init] 137 countries loaded from Supabase
2026-05-27 00:36:40: ▲ Next.js 16.2.6
2026-05-27 00:36:40: - Local:         http://localhost:3000
2026-05-27 00:36:40: - Network:       http://178.105.80.193:3000
2026-05-27 00:36:40: ✓ Ready in 426ms
2026-05-27 00:36:43: [paises-init] 137 countries loaded from Supabase
2026-05-27 00:40:21: ▲ Next.js 16.2.6
2026-05-27 00:40:21: - Local:         http://localhost:3000
2026-05-27 00:40:21: - Network:       http://178.105.80.193:3000
2026-05-27 00:40:21: ✓ Ready in 441ms
2026-05-27 00:40:25: [paises-init] 137 countries loaded from Supabase
2026-05-27 01:13:52: ▲ Next.js 16.2.6
2026-05-27 01:13:52: - Local:         http://localhost:3000
2026-05-27 01:13:52: - Network:       http://178.105.80.193:3000
2026-05-27 01:13:52: ✓ Ready in 379ms
2026-05-27 01:13:57: [paises-init] 137 countries loaded from Supabase
2026-05-27 01:17:19: ▲ Next.js 16.2.6
2026-05-27 01:17:19: - Local:         http://localhost:3000
2026-05-27 01:17:19: - Network:       http://178.105.80.193:3000
2026-05-27 01:17:19: ✓ Ready in 308ms
2026-05-27 01:17:23: [paises-init] 137 countries loaded from Supabase
2026-05-27 01:28:32: ▲ Next.js 16.2.6
2026-05-27 01:28:32: - Local:         http://localhost:3000
2026-05-27 01:28:32: - Network:       http://178.105.80.193:3000
2026-05-27 01:28:32: ✓ Ready in 420ms
2026-05-27 01:28:36: [paises-init] 137 countries loaded from Supabase
2026-05-27 02:08:28: ▲ Next.js 16.2.6
2026-05-27 02:08:28: - Local:         http://localhost:3000
2026-05-27 02:08:28: - Network:       http://178.105.80.193:3000
2026-05-27 02:08:28: ✓ Ready in 467ms
2026-05-27 02:08:45: [paises-init] 137 countries loaded from Supabase
2026-05-27 02:08:51: 2026-05-27 02:08:51 [INFO] [Posts] GET /posts/rate - slug: ebola-turismo-internacional-crisis-sanitaria-africa, count: 1, average: 5
2026-05-27 02:09:08: 2026-05-27 02:09:08 [INFO] [Posts] GET /posts/rate - slug: privacidad-ia-osint-realidad, count: 1, average: 5
2026-05-27 02:30:20: ▲ Next.js 16.2.6
2026-05-27 02:30:20: - Local:         http://localhost:3000
2026-05-27 02:30:20: - Network:       http://178.105.80.193:3000
2026-05-27 02:30:20: ✓ Ready in 515ms
2026-05-27 02:30:25: [paises-init] 137 countries loaded from Supabase
2026-05-27 02:34:06: 2026-05-27 02:34:06 [INFO] [Posts] GET /posts/rate - slug: ebola-turismo-internacional-crisis-sanitaria-africa, count: 1, average: 5
2026-06-04 21:30:37: ▲ Next.js 16.2.6
2026-06-04 21:30:37: - Local:         http://localhost:3000
2026-06-04 21:30:37: - Network:       http://178.105.80.193:3000
2026-06-04 21:30:37: ✓ Ready in 381ms
2026-06-04 21:30:55: [paises-init] 137 countries loaded from Supabase
2026-06-04 21:31:25: ▲ Next.js 16.2.6
2026-06-04 21:31:25: - Local:         http://localhost:3000
2026-06-04 21:31:25: - Network:       http://178.105.80.193:3000
2026-06-04 21:31:25: ✓ Ready in 525ms
2026-06-04 21:31:47: [IndexNow] 485 URLs enviadas → HTTP 200
2026-06-04 21:32:30: [paises-init] 137 countries loaded from Supabase
2026-06-04 22:24:37: ▲ Next.js 16.2.6
2026-06-04 22:24:37: - Local:         http://localhost:3000
2026-06-04 22:24:37: - Network:       http://178.105.80.193:3000
2026-06-04 22:24:37: ✓ Ready in 318ms
2026-06-04 22:25:00: [IndexNow] 485 URLs enviadas → HTTP 200
2026-06-04 22:25:37: [paises-init] 137 countries loaded from Supabase
2026-06-04 22:26:44: ▲ Next.js 16.2.6
2026-06-04 22:26:44: - Local:         http://localhost:3000
2026-06-04 22:26:44: - Network:       http://178.105.80.193:3000
2026-06-04 22:26:44: ✓ Ready in 276ms
2026-06-04 22:26:57: [paises-init] 137 countries loaded from Supabase
2026-06-04 22:27:05: [IndexNow] 485 URLs enviadas → HTTP 200
2026-06-04 22:53:38: ▲ Next.js 16.2.6
2026-06-04 22:53:38: - Local:         http://localhost:3000
2026-06-04 22:53:38: - Network:       http://178.105.80.193:3000
2026-06-04 22:53:38: ✓ Ready in 257ms
2026-06-04 22:53:59: [IndexNow] 485 URLs enviadas → HTTP 200
2026-06-04 22:54:02: [paises-init] 137 countries loaded from Supabase
2026-06-04 22:55:43: ▲ Next.js 16.2.6
2026-06-04 22:55:43: - Local:         http://localhost:3000
2026-06-04 22:55:43: - Network:       http://178.105.80.193:3000
2026-06-04 22:55:43: ✓ Ready in 265ms
2026-06-04 22:55:57: [paises-init] 137 countries loaded from Supabase
2026-06-04 22:56:06: [IndexNow] 485 URLs enviadas → HTTP 200
2026-06-05 00:13:06: ▲ Next.js 16.2.6
2026-06-05 00:13:06: - Local:         http://localhost:3000
2026-06-05 00:13:06: - Network:       http://178.105.80.193:3000
2026-06-05 00:13:06: ✓ Ready in 305ms
2026-06-05 00:14:09: ▲ Next.js 16.2.6
2026-06-05 00:14:09: - Local:         http://localhost:3000
2026-06-05 00:14:09: - Network:       http://178.105.80.193:3000
2026-06-05 00:14:09: ✓ Ready in 266ms
